<?xml version="1.0" encoding="UTF-8"?>
<testsuite name="site.Boticario" tests="1" skipped="0" failures="0" errors="0" timestamp="2020-11-23T11:10:50" hostname="LAPTOP-ANGELICA" time="27.914">
  <properties/>
  <testcase name="consultarItem" classname="site.Boticario" time="27.914"/>
  <system-out><![CDATA[]]></system-out>
  <system-err><![CDATA[Starting ChromeDriver 87.0.4280.20 (c99e81631faa0b2a448e658c0dbd8311fb04ddbd-refs/branch-heads/4280@{#355}) on port 44689
Only local connections are allowed.
Please see https://chromedriver.chromium.org/security-considerations for suggestions on keeping ChromeDriver safe.
ChromeDriver was started successfully.
nov 23, 2020 8:10:55 AM org.openqa.selenium.remote.ProtocolHandshake createSession
INFORMAÇÕES: Detected dialect: W3C
]]></system-err>
</testsuite>
