<?xml version="1.0" encoding="UTF-8"?>
<testsuite name="iterasys.Curso" tests="1" skipped="0" failures="0" errors="0" timestamp="2020-11-21T19:38:49" hostname="LAPTOP-ANGELICA" time="25.05">
  <properties/>
  <testcase name="fazerLogin" classname="iterasys.Curso" time="25.05"/>
  <system-out><![CDATA[]]></system-out>
  <system-err><![CDATA[Starting ChromeDriver 87.0.4280.20 (c99e81631faa0b2a448e658c0dbd8311fb04ddbd-refs/branch-heads/4280@{#355}) on port 20227
Only local connections are allowed.
Please see https://chromedriver.chromium.org/security-considerations for suggestions on keeping ChromeDriver safe.
ChromeDriver was started successfully.
nov 21, 2020 4:38:54 PM org.openqa.selenium.remote.ProtocolHandshake createSession
INFORMAÇÕES: Detected dialect: W3C
]]></system-err>
</testsuite>
