<?xml version="1.0" encoding="UTF-8"?>
<testsuite name="iterasys.Curso" tests="4" skipped="0" failures="0" errors="0" timestamp="2020-11-26T01:33:47" hostname="LAPTOP-ANGELICA" time="160.279">
  <properties/>
  <testcase name="consultarCurso[0]" classname="iterasys.Curso" time="41.913"/>
  <testcase name="consultarCurso[1]" classname="iterasys.Curso" time="38.599"/>
  <testcase name="consultarCurso[2]" classname="iterasys.Curso" time="42.272"/>
  <testcase name="consultarCurso[3]" classname="iterasys.Curso" time="37.495"/>
  <system-out><![CDATA[]]></system-out>
  <system-err><![CDATA[Starting ChromeDriver 87.0.4280.20 (c99e81631faa0b2a448e658c0dbd8311fb04ddbd-refs/branch-heads/4280@{#355}) on port 5349
Only local connections are allowed.
Please see https://chromedriver.chromium.org/security-considerations for suggestions on keeping ChromeDriver safe.
ChromeDriver was started successfully.
nov 25, 2020 10:33:52 PM org.openqa.selenium.remote.ProtocolHandshake createSession
INFORMAÇÕES: Detected dialect: W3C
1606354469762	geckodriver	INFO	Listening on 127.0.0.1:8544
1606354470322	mozrunner::runner	INFO	Running command: "C:\\Program Files\\Mozilla Firefox\\firefox.exe" "--marionette" "-foreground" "-no-remote" "-profile" "C:\\Users\\angel\\AppData\\Local\\Temp\\rust_mozprofilefpQckR"
Can't find symbol 'eglSwapBuffersWithDamageEXT'.
Can't find symbol 'eglSetDamageRegionKHR'.
JavaScript error: resource://gre/modules/XULStore.jsm, line 66: Error: Can't find profile directory.
console.warn: SearchSettings: "get: No settings file exists, new profile?" (new Error("", "(unknown module)"))
1606354475572	Marionette	INFO	Listening on port 61575
1606354475659	Marionette	WARN	TLS certificate errors will be ignored for this session
nov 25, 2020 10:34:35 PM org.openqa.selenium.remote.ProtocolHandshake createSession
INFORMAÇÕES: Detected dialect: W3C
Starting MSEdgeDriver 87.0.664.47 (ba159091e772c52e16e8d82850f3c8b934507b5d) on port 41871
Only local connections are allowed.
Please see https://chromedriver.chromium.org/security-considerations for suggestions on keeping MSEdgeDriver safe.
MSEdgeDriver was started successfully.
nov 25, 2020 10:35:12 PM org.openqa.selenium.remote.ProtocolHandshake createSession
INFORMAÇÕES: Detected dialect: W3C
Started InternetExplorerDriver server (32-bit)
3.150.1.0
Listening on port 34865
Only local connections are allowed
nov 25, 2020 10:35:53 PM org.openqa.selenium.remote.ProtocolHandshake createSession
INFORMAÇÕES: Detected dialect: W3C
]]></system-err>
</testsuite>
